<?xml version="1.0" encoding="UTF-8"?>
<!-- Generated by org.testng.reporters.JUnitXMLReporter -->
<testsuite hostname="LAPTOP-4K62PRFF" ignored="0" name="Test" tests="1" failures="1" timestamp="27 Nov 2019 06:33:00 GMT" time="0.172" errors="0">
  <testcase name="@AfterClass tearDown" time="0.0" classname="com.CRM.genericLib.BaseTest">
    <failure type="java.lang.NullPointerException">
      <![CDATA[java.lang.NullPointerException
at com.CRM.genericLib.BaseTest.tearDown(BaseTest.java:81)
... Removed 26 stack frames]]>
    </failure>
  </testcase> <!-- @AfterClass tearDown -->
  <testcase name="VerifyCampaignDetails" time="0.093" classname="com.CRM.campaigns.VerifyCampaign">
    <failure type="java.io.IOException" message="Your InputStream was neither an OLE2 stream, nor an OOXML stream">
      <![CDATA[java.io.IOException: Your InputStream was neither an OLE2 stream, nor an OOXML stream
at org.apache.poi.ss.usermodel.WorkbookFactory.create(WorkbookFactory.java:236)
at org.apache.poi.ss.usermodel.WorkbookFactory.create(WorkbookFactory.java:200)
at com.CRM.genericLib.FileLib.getCellData(FileLib.java:24)
at com.CRM.campaigns.VerifyCampaign.VerifyCampaignDetails(VerifyCampaign.java:18)
... Removed 25 stack frames]]>
    </failure>
  </testcase> <!-- VerifyCampaignDetails -->
</testsuite> <!-- Test -->
