<?xml version="1.0" encoding="UTF-8"?>
<!-- Generated by org.testng.reporters.JUnitXMLReporter -->
<testsuite hostname="DESKTOP-63ROSJ3" ignored="0" name="Test" tests="1" failures="1" timestamp="26 Nov 2019 08:21:41 GMT" time="91.722" errors="0">
  <testcase name="createContact" time="23.815" classname="com.CRM.Contacts.Create_Contact">
    <failure type="java.lang.NullPointerException">
      <![CDATA[java.lang.NullPointerException
at com.CRM.genericLib.FileLib.getCellData(FileLib.java:25)
at com.CRM.Contacts.Create_Contact.createContact(Create_Contact.java:24)
... Removed 25 stack frames]]>
    </failure>
  </testcase> <!-- createContact -->
</testsuite> <!-- Test -->
