<?xml version="1.0" encoding="UTF-8"?>
<testng-results skipped="0" failed="0" ignored="0" total="1" passed="1">
  <reporter-output>
    <line>
      <![CDATA[Demo]]>
    </line>
  </reporter-output>
  <suite name="Suite" duration-ms="104" started-at="2019-11-25T08:48:10Z" finished-at="2019-11-25T08:48:10Z">
    <groups>
    </groups>
    <test name="Test" duration-ms="104" started-at="2019-11-25T08:48:10Z" finished-at="2019-11-25T08:48:10Z">
      <class name="com.CRM.Login.Demo">
        <test-method status="PASS" signature="run()[pri:0, instance:com.CRM.Login.Demo@174d20a]" name="run" duration-ms="15" started-at="2019-11-25T08:48:10Z" finished-at="2019-11-25T08:48:10Z">
          <reporter-output>
            <line>
              <![CDATA[Demo]]>
            </line>
          </reporter-output>
        </test-method> <!-- run -->
      </class> <!-- com.CRM.Login.Demo -->
    </test> <!-- Test -->
  </suite> <!-- Suite -->
</testng-results>
